<?xml version="1.0" encoding="UTF-8"?>
<!-- Generated by org.testng.reporters.JUnitReportReporter -->
<testsuite hostname="sudhir-kumar" failures="0" tests="5" name="com.crm.qa.Testcases.HomePageTest" time="104.661" errors="1" timestamp="2020-03-28T00:28:38 IST" skipped="1">
  <testcase classname="com.crm.qa.Testcases.HomePageTest" name="Beforemethod" time="35.176">
    <error message="session not created
from chrome not reachable
  (Session info: chrome=80.0.3987.132)
Build info: version: &#039;3.141.5&#039;, revision: &#039;d54ebd709a&#039;, time: &#039;2018-11-06T11:42:16&#039;
System info: host: &#039;SUDHIR-KUMAR&#039;, ip: &#039;192.168.1.4&#039;, os.name: &#039;Windows 10&#039;, os.arch: &#039;amd64&#039;, os.version: &#039;10.0&#039;, java.version: &#039;11.0.1&#039;
Driver info: driver.version: ChromeDriver
remote stacktrace: Backtrace:
	Ordinal0 [0x00C90C83+1707139]
	Ordinal0 [0x00BF68F1+1075441]
	Ordinal0 [0x00B6DE72+515698]
	Ordinal0 [0x00B67CA8+490664]
	Ordinal0 [0x00B687B1+493489]
	Ordinal0 [0x00B692F5+496373]
	Ordinal0 [0x00B64F05+478981]
	Ordinal0 [0x00B6ECA0+519328]
	Ordinal0 [0x00B1CA67+182887]
	Ordinal0 [0x00B1BDDD+179677]
	Ordinal0 [0x00B19D4B+171339]
	Ordinal0 [0x00B01D4A+73034]
	Ordinal0 [0x00B02DC0+77248]
	Ordinal0 [0x00B02D59+77145]
	Ordinal0 [0x00C0BB67+1162087]
	GetHandleVerifier [0x00D2A966+508998]
	GetHandleVerifier [0x00D2A6A4+508292]
	GetHandleVerifier [0x00D3F7B7+594583]
	GetHandleVerifier [0x00D2B1D6+511158]
	Ordinal0 [0x00C0402C+1130540]
	Ordinal0 [0x00C0D4CB+1168587]
	Ordinal0 [0x00C0D633+1168947]
	Ordinal0 [0x00C25B35+1268533]
	BaseThreadInitThunk [0x76436359+25]
	RtlGetAppContainerNamedObjectPath [0x77307B74+228]
	RtlGetAppContainerNamedObjectPath [0x77307B44+180]
" type="org.openqa.selenium.SessionNotCreatedException">
      <![CDATA[org.openqa.selenium.SessionNotCreatedException: session not created
from chrome not reachable
  (Session info: chrome=80.0.3987.132)
Build info: version: '3.141.5', revision: 'd54ebd709a', time: '2018-11-06T11:42:16'
System info: host: 'SUDHIR-KUMAR', ip: '192.168.1.4', os.name: 'Windows 10', os.arch: 'amd64', os.version: '10.0', java.version: '11.0.1'
Driver info: driver.version: ChromeDriver
remote stacktrace: Backtrace:
Ordinal0 [0x00C90C83+1707139]
Ordinal0 [0x00BF68F1+1075441]
Ordinal0 [0x00B6DE72+515698]
Ordinal0 [0x00B67CA8+490664]
Ordinal0 [0x00B687B1+493489]
Ordinal0 [0x00B692F5+496373]
Ordinal0 [0x00B64F05+478981]
Ordinal0 [0x00B6ECA0+519328]
Ordinal0 [0x00B1CA67+182887]
Ordinal0 [0x00B1BDDD+179677]
Ordinal0 [0x00B19D4B+171339]
Ordinal0 [0x00B01D4A+73034]
Ordinal0 [0x00B02DC0+77248]
Ordinal0 [0x00B02D59+77145]
Ordinal0 [0x00C0BB67+1162087]
GetHandleVerifier [0x00D2A966+508998]
GetHandleVerifier [0x00D2A6A4+508292]
GetHandleVerifier [0x00D3F7B7+594583]
GetHandleVerifier [0x00D2B1D6+511158]
Ordinal0 [0x00C0402C+1130540]
Ordinal0 [0x00C0D4CB+1168587]
Ordinal0 [0x00C0D633+1168947]
Ordinal0 [0x00C25B35+1268533]
BaseThreadInitThunk [0x76436359+25]
RtlGetAppContainerNamedObjectPath [0x77307B74+228]
RtlGetAppContainerNamedObjectPath [0x77307B44+180]

at java.base/jdk.internal.reflect.NativeConstructorAccessorImpl.newInstance0(Native Method)
at java.base/jdk.internal.reflect.NativeConstructorAccessorImpl.newInstance(NativeConstructorAccessorImpl.java:62)
at java.base/jdk.internal.reflect.DelegatingConstructorAccessorImpl.newInstance(DelegatingConstructorAccessorImpl.java:45)
at java.base/java.lang.reflect.Constructor.newInstance(Constructor.java:490)
at org.openqa.selenium.remote.W3CHandshakeResponse.lambda$errorHandler$0(W3CHandshakeResponse.java:62)
at org.openqa.selenium.remote.HandshakeResponse.lambda$getResponseFunction$0(HandshakeResponse.java:30)
at org.openqa.selenium.remote.ProtocolHandshake.lambda$createSession$0(ProtocolHandshake.java:123)
at java.base/java.util.stream.ReferencePipeline$3$1.accept(ReferencePipeline.java:195)
at java.base/java.util.Spliterators$ArraySpliterator.tryAdvance(Spliterators.java:958)
at java.base/java.util.stream.ReferencePipeline.forEachWithCancel(ReferencePipeline.java:127)
at java.base/java.util.stream.AbstractPipeline.copyIntoWithCancel(AbstractPipeline.java:502)
at java.base/java.util.stream.AbstractPipeline.copyInto(AbstractPipeline.java:488)
at java.base/java.util.stream.AbstractPipeline.wrapAndCopyInto(AbstractPipeline.java:474)
at java.base/java.util.stream.FindOps$FindOp.evaluateSequential(FindOps.java:150)
at java.base/java.util.stream.AbstractPipeline.evaluate(AbstractPipeline.java:234)
at java.base/java.util.stream.ReferencePipeline.findFirst(ReferencePipeline.java:543)
at org.openqa.selenium.remote.ProtocolHandshake.createSession(ProtocolHandshake.java:125)
at org.openqa.selenium.remote.ProtocolHandshake.createSession(ProtocolHandshake.java:74)
at org.openqa.selenium.remote.HttpCommandExecutor.execute(HttpCommandExecutor.java:136)
at org.openqa.selenium.remote.service.DriverCommandExecutor.execute(DriverCommandExecutor.java:83)
at org.openqa.selenium.remote.RemoteWebDriver.execute(RemoteWebDriver.java:552)
at org.openqa.selenium.remote.RemoteWebDriver.startSession(RemoteWebDriver.java:213)
at org.openqa.selenium.remote.RemoteWebDriver.<init>(RemoteWebDriver.java:131)
at org.openqa.selenium.chrome.ChromeDriver.<init>(ChromeDriver.java:181)
at org.openqa.selenium.chrome.ChromeDriver.<init>(ChromeDriver.java:168)
at org.openqa.selenium.chrome.ChromeDriver.<init>(ChromeDriver.java:123)
at com.crm.qa.TestBase.TestBase.ChromeInitialization(TestBase.java:41)
at com.crm.qa.Testcases.HomePageTest.Beforemethod(HomePageTest.java:23)
at java.base/jdk.internal.reflect.NativeMethodAccessorImpl.invoke0(Native Method)
at java.base/jdk.internal.reflect.NativeMethodAccessorImpl.invoke(NativeMethodAccessorImpl.java:62)
at java.base/jdk.internal.reflect.DelegatingMethodAccessorImpl.invoke(DelegatingMethodAccessorImpl.java:43)
at java.base/java.lang.reflect.Method.invoke(Method.java:566)
at org.testng.internal.MethodInvocationHelper.invokeMethod(MethodInvocationHelper.java:134)
at org.testng.internal.MethodInvocationHelper.invokeMethodConsideringTimeout(MethodInvocationHelper.java:63)
at org.testng.internal.ConfigInvoker.invokeConfigurationMethod(ConfigInvoker.java:348)
at org.testng.internal.ConfigInvoker.invokeConfigurations(ConfigInvoker.java:302)
at org.testng.internal.TestInvoker.runConfigMethods(TestInvoker.java:695)
at org.testng.internal.TestInvoker.invokeMethod(TestInvoker.java:523)
at org.testng.internal.TestInvoker.invokeTestMethod(TestInvoker.java:173)
at org.testng.internal.MethodRunner.runInSequence(MethodRunner.java:46)
at org.testng.internal.TestInvoker$MethodInvocationAgent.invoke(TestInvoker.java:816)
at org.testng.internal.TestInvoker.invokeTestMethods(TestInvoker.java:146)
at org.testng.internal.TestMethodWorker.invokeTestMethods(TestMethodWorker.java:146)
at org.testng.internal.TestMethodWorker.run(TestMethodWorker.java:128)
at java.base/java.util.ArrayList.forEach(ArrayList.java:1540)
at org.testng.TestRunner.privateRun(TestRunner.java:766)
at org.testng.TestRunner.run(TestRunner.java:587)
at org.testng.SuiteRunner.runTest(SuiteRunner.java:384)
at org.testng.SuiteRunner.runSequentially(SuiteRunner.java:378)
at org.testng.SuiteRunner.privateRun(SuiteRunner.java:337)
at org.testng.SuiteRunner.run(SuiteRunner.java:286)
at org.testng.SuiteRunnerWorker.runSuite(SuiteRunnerWorker.java:53)
at org.testng.SuiteRunnerWorker.run(SuiteRunnerWorker.java:96)
at org.testng.TestNG.runSuitesSequentially(TestNG.java:1187)
at org.testng.TestNG.runSuitesLocally(TestNG.java:1109)
at org.testng.TestNG.runSuites(TestNG.java:1039)
at org.testng.TestNG.run(TestNG.java:1007)
at org.testng.remote.AbstractRemoteTestNG.run(AbstractRemoteTestNG.java:115)
at org.testng.remote.RemoteTestNG.initAndRun(RemoteTestNG.java:251)
at org.testng.remote.RemoteTestNG.main(RemoteTestNG.java:77)
]]>
    </error>
  </testcase> <!-- Beforemethod -->
  <system-out/>
  <testcase classname="com.crm.qa.Testcases.HomePageTest" name="Title" time="33.083"/>
  <system-out/>
  <testcase classname="com.crm.qa.Testcases.HomePageTest" name="UserName" time="34.766"/>
  <system-out/>
  <testcase classname="com.crm.qa.Testcases.HomePageTest" name="Search" time="1.636"/>
  <system-out/>
  <testcase classname="com.crm.qa.Testcases.HomePageTest" name="Account" time="0.000">
    <skipped/>
  </testcase> <!-- Account -->
  <system-out/>
</testsuite> <!-- com.crm.qa.Testcases.HomePageTest -->
